Refreshing checks status every 30 seconds. Press Ctrl+C to quit.

Detect Changes	pending	0	https://github.com/d-oit/do-movie-radio-play/actions/runs/29259827979/job/86849797481	
Refreshing checks status every 30 seconds. Press Ctrl+C to quit.

Analyze (actions)	pending	0	https://github.com/d-oit/do-movie-radio-play/actions/runs/29259828605/job/86849811359	
Analyze (javascript-typescript)	pending	0	https://github.com/d-oit/do-movie-radio-play/actions/runs/29259828605/job/86849811578	
Analyze (python)	pending	0	https://github.com/d-oit/do-movie-radio-play/actions/runs/29259828605/job/86849811363	
Analyze (rust)	pending	0	https://github.com/d-oit/do-movie-radio-play/actions/runs/29259828605/job/86849811345	
Benchmarks	pending	0	https://github.com/d-oit/do-movie-radio-play/actions/runs/29259827979/job/86849841343	
Clippy	pending	0	https://github.com/d-oit/do-movie-radio-play/actions/runs/29259827979/job/86849841318	
VERSION Consistency	pass	6s	https://github.com/d-oit/do-movie-radio-play/actions/runs/29259827979/job/86849841372	
Dependency Policy (cargo-deny)	pending	0	https://github.com/d-oit/do-movie-radio-play/actions/runs/29259827979/job/86849841344	
Format	pass	14s	https://github.com/d-oit/do-movie-radio-play/actions/runs/29259827979/job/86849841297	
Secret Scan (Gitleaks)	pass	5s	https://github.com/d-oit/do-movie-radio-play/actions/runs/29259827979/job/86849841237	
Validate Agent Entrypoints	pass	5s	https://github.com/d-oit/do-movie-radio-play/actions/runs/29259827979/job/86849841322	
enable-automerge	skipping	0	https://github.com/d-oit/do-movie-radio-play/actions/runs/29259829435/job/86849837557	
Security Audit	pending	0	https://github.com/d-oit/do-movie-radio-play/actions/runs/29259827979/job/86849841333	
Test	pending	0	https://github.com/d-oit/do-movie-radio-play/actions/runs/29259827979/job/86849841527	
Detect Changes	pass	7s	https://github.com/d-oit/do-movie-radio-play/actions/runs/29259827979/job/86849797481	
Lint (YAML, Markdown)	pass	9s	https://github.com/d-oit/do-movie-radio-play/actions/runs/29259827979/job/86849841268	
ShellCheck	pass	7s	https://github.com/d-oit/do-movie-radio-play/actions/runs/29259827979/job/86849841305	
Codacy Static Code Analysis	pending	0	https://app.codacy.com/gh/d-oit/do-movie-radio-play/pull-requests/139	
Refreshing checks status every 30 seconds. Press Ctrl+C to quit.

Analyze (actions)	pass	38s	https://github.com/d-oit/do-movie-radio-play/actions/runs/29259828605/job/86849811359	
Analyze (javascript-typescript)	pass	47s	https://github.com/d-oit/do-movie-radio-play/actions/runs/29259828605/job/86849811578	
Analyze (python)	pass	45s	https://github.com/d-oit/do-movie-radio-play/actions/runs/29259828605/job/86849811363	
Clippy	pass	35s	https://github.com/d-oit/do-movie-radio-play/actions/runs/29259827979/job/86849841318	
Codacy Static Code Analysis	pass	0	https://app.codacy.com/gh/d-oit/do-movie-radio-play/pull-requests/139	
Dependency Policy (cargo-deny)	pass	40s	https://github.com/d-oit/do-movie-radio-play/actions/runs/29259827979/job/86849841344	
Detect Changes	pass	7s	https://github.com/d-oit/do-movie-radio-play/actions/runs/29259827979/job/86849797481	
Format	pass	14s	https://github.com/d-oit/do-movie-radio-play/actions/runs/29259827979/job/86849841297	
Lint (YAML, Markdown)	pass	9s	https://github.com/d-oit/do-movie-radio-play/actions/runs/29259827979/job/86849841268	
Secret Scan (Gitleaks)	pass	5s	https://github.com/d-oit/do-movie-radio-play/actions/runs/29259827979/job/86849841237	
VERSION Consistency	pass	6s	https://github.com/d-oit/do-movie-radio-play/actions/runs/29259827979/job/86849841372	
Benchmarks	pending	0	https://github.com/d-oit/do-movie-radio-play/actions/runs/29259827979/job/86849841343	
Security Audit	pass	21s	https://github.com/d-oit/do-movie-radio-play/actions/runs/29259827979/job/86849841333	
enable-automerge	skipping	0	https://github.com/d-oit/do-movie-radio-play/actions/runs/29259829435/job/86849837557	
Analyze (rust)	pending	0	https://github.com/d-oit/do-movie-radio-play/actions/runs/29259828605/job/86849811345	
Test	pending	0	https://github.com/d-oit/do-movie-radio-play/actions/runs/29259827979/job/86849841527	
ShellCheck	pass	7s	https://github.com/d-oit/do-movie-radio-play/actions/runs/29259827979/job/86849841305	
Validate Agent Entrypoints	pass	5s	https://github.com/d-oit/do-movie-radio-play/actions/runs/29259827979/job/86849841322	
CodeQL	skipping	2s	https://github.com/d-oit/do-movie-radio-play/runs/86849945167	
Refreshing checks status every 30 seconds. Press Ctrl+C to quit.

Analyze (actions)	pass	38s	https://github.com/d-oit/do-movie-radio-play/actions/runs/29259828605/job/86849811359	
Analyze (javascript-typescript)	pass	47s	https://github.com/d-oit/do-movie-radio-play/actions/runs/29259828605/job/86849811578	
Analyze (python)	pass	45s	https://github.com/d-oit/do-movie-radio-play/actions/runs/29259828605/job/86849811363	
Clippy	pass	35s	https://github.com/d-oit/do-movie-radio-play/actions/runs/29259827979/job/86849841318	
Codacy Static Code Analysis	pass	0	https://app.codacy.com/gh/d-oit/do-movie-radio-play/pull-requests/139	
Analyze (rust)	pending	0	https://github.com/d-oit/do-movie-radio-play/actions/runs/29259828605/job/86849811345	
Dependency Policy (cargo-deny)	pass	40s	https://github.com/d-oit/do-movie-radio-play/actions/runs/29259827979/job/86849841344	
VERSION Consistency	pass	6s	https://github.com/d-oit/do-movie-radio-play/actions/runs/29259827979/job/86849841372	
Security Audit	pass	21s	https://github.com/d-oit/do-movie-radio-play/actions/runs/29259827979/job/86849841333	
Secret Scan (Gitleaks)	pass	5s	https://github.com/d-oit/do-movie-radio-play/actions/runs/29259827979/job/86849841237	
Format	pass	14s	https://github.com/d-oit/do-movie-radio-play/actions/runs/29259827979/job/86849841297	
Lint (YAML, Markdown)	pass	9s	https://github.com/d-oit/do-movie-radio-play/actions/runs/29259827979/job/86849841268	
Detect Changes	pass	7s	https://github.com/d-oit/do-movie-radio-play/actions/runs/29259827979/job/86849797481	
CodeQL	skipping	2s	https://github.com/d-oit/do-movie-radio-play/runs/86849945167	
enable-automerge	skipping	0	https://github.com/d-oit/do-movie-radio-play/actions/runs/29259829435/job/86849837557	
ShellCheck	pass	7s	https://github.com/d-oit/do-movie-radio-play/actions/runs/29259827979/job/86849841305	
Validate Agent Entrypoints	pass	5s	https://github.com/d-oit/do-movie-radio-play/actions/runs/29259827979/job/86849841322	
Benchmarks	pending	0	https://github.com/d-oit/do-movie-radio-play/actions/runs/29259827979/job/86849841343	
DeepSource: Python	pending	0	https://app.deepsource.com/gh/d-oit/do-movie-radio-play/run/56ddeb91-042a-4841-ac0f-650ab305e5b4/python/	Analysis in progress...
DeepSource: Rust	pending	0	https://app.deepsource.com/gh/d-oit/do-movie-radio-play/run/56ddeb91-042a-4841-ac0f-650ab305e5b4/rust/	Analysis in progress...
DeepSource: Shell	pending	0	https://app.deepsource.com/gh/d-oit/do-movie-radio-play/run/56ddeb91-042a-4841-ac0f-650ab305e5b4/shell/	Analysis in progress...
Test	pending	0	https://github.com/d-oit/do-movie-radio-play/actions/runs/29259827979/job/86849841527	
Refreshing checks status every 30 seconds. Press Ctrl+C to quit.

Analyze (actions)	pass	38s	https://github.com/d-oit/do-movie-radio-play/actions/runs/29259828605/job/86849811359	
Analyze (javascript-typescript)	pass	47s	https://github.com/d-oit/do-movie-radio-play/actions/runs/29259828605/job/86849811578	
Analyze (python)	pass	45s	https://github.com/d-oit/do-movie-radio-play/actions/runs/29259828605/job/86849811363	
Clippy	pass	35s	https://github.com/d-oit/do-movie-radio-play/actions/runs/29259827979/job/86849841318	
Codacy Static Code Analysis	pass	0	https://app.codacy.com/gh/d-oit/do-movie-radio-play/pull-requests/139	
Analyze (rust)	pending	0	https://github.com/d-oit/do-movie-radio-play/actions/runs/29259828605/job/86849811345	
Dependency Policy (cargo-deny)	pass	40s	https://github.com/d-oit/do-movie-radio-play/actions/runs/29259827979/job/86849841344	
VERSION Consistency	pass	6s	https://github.com/d-oit/do-movie-radio-play/actions/runs/29259827979/job/86849841372	
Security Audit	pass	21s	https://github.com/d-oit/do-movie-radio-play/actions/runs/29259827979/job/86849841333	
Secret Scan (Gitleaks)	pass	5s	https://github.com/d-oit/do-movie-radio-play/actions/runs/29259827979/job/86849841237	
Format	pass	14s	https://github.com/d-oit/do-movie-radio-play/actions/runs/29259827979/job/86849841297	
Lint (YAML, Markdown)	pass	9s	https://github.com/d-oit/do-movie-radio-play/actions/runs/29259827979/job/86849841268	
DeepSource: Shell	pass	0	https://app.deepsource.com/gh/d-oit/do-movie-radio-play/run/56ddeb91-042a-4841-ac0f-650ab305e5b4/shell/	Analysis passed: No blocking issues or failing metrics found
Detect Changes	pass	7s	https://github.com/d-oit/do-movie-radio-play/actions/runs/29259827979/job/86849797481	
enable-automerge	skipping	0	https://github.com/d-oit/do-movie-radio-play/actions/runs/29259829435/job/86849837557	
ShellCheck	pass	7s	https://github.com/d-oit/do-movie-radio-play/actions/runs/29259827979/job/86849841305	
Validate Agent Entrypoints	pass	5s	https://github.com/d-oit/do-movie-radio-play/actions/runs/29259827979/job/86849841322	
CodeQL	skipping	2s	https://github.com/d-oit/do-movie-radio-play/runs/86849945167	
Benchmarks	pending	0	https://github.com/d-oit/do-movie-radio-play/actions/runs/29259827979/job/86849841343	
DeepSource: Python	pending	0	https://app.deepsource.com/gh/d-oit/do-movie-radio-play/run/56ddeb91-042a-4841-ac0f-650ab305e5b4/python/	Analysis in progress...
DeepSource: Rust	pending	0	https://app.deepsource.com/gh/d-oit/do-movie-radio-play/run/56ddeb91-042a-4841-ac0f-650ab305e5b4/rust/	Analysis in progress...
Test	pending	0	https://github.com/d-oit/do-movie-radio-play/actions/runs/29259827979/job/86849841527	
Refreshing checks status every 30 seconds. Press Ctrl+C to quit.

Analyze (actions)	pass	38s	https://github.com/d-oit/do-movie-radio-play/actions/runs/29259828605/job/86849811359	
Analyze (javascript-typescript)	pass	47s	https://github.com/d-oit/do-movie-radio-play/actions/runs/29259828605/job/86849811578	
Analyze (python)	pass	45s	https://github.com/d-oit/do-movie-radio-play/actions/runs/29259828605/job/86849811363	
Analyze (rust)	pass	2m9s	https://github.com/d-oit/do-movie-radio-play/actions/runs/29259828605/job/86849811345	
Clippy	pass	35s	https://github.com/d-oit/do-movie-radio-play/actions/runs/29259827979/job/86849841318	
Codacy Static Code Analysis	pass	0	https://app.codacy.com/gh/d-oit/do-movie-radio-play/pull-requests/139	
CodeQL	pass	2s	https://github.com/d-oit/do-movie-radio-play/runs/86849945167	
DeepSource: Shell	pass	0	https://app.deepsource.com/gh/d-oit/do-movie-radio-play/run/56ddeb91-042a-4841-ac0f-650ab305e5b4/shell/	Analysis passed: No blocking issues or failing metrics found
Dependency Policy (cargo-deny)	pass	40s	https://github.com/d-oit/do-movie-radio-play/actions/runs/29259827979/job/86849841344	
Detect Changes	pass	7s	https://github.com/d-oit/do-movie-radio-play/actions/runs/29259827979/job/86849797481	
Format	pass	14s	https://github.com/d-oit/do-movie-radio-play/actions/runs/29259827979/job/86849841297	
Benchmarks	pending	0	https://github.com/d-oit/do-movie-radio-play/actions/runs/29259827979/job/86849841343	
Test	pending	0	https://github.com/d-oit/do-movie-radio-play/actions/runs/29259827979/job/86849841527	
enable-automerge	skipping	0	https://github.com/d-oit/do-movie-radio-play/actions/runs/29259829435/job/86849837557	
Lint (YAML, Markdown)	pass	9s	https://github.com/d-oit/do-movie-radio-play/actions/runs/29259827979/job/86849841268	
Secret Scan (Gitleaks)	pass	5s	https://github.com/d-oit/do-movie-radio-play/actions/runs/29259827979/job/86849841237	
Security Audit	pass	21s	https://github.com/d-oit/do-movie-radio-play/actions/runs/29259827979/job/86849841333	
ShellCheck	pass	7s	https://github.com/d-oit/do-movie-radio-play/actions/runs/29259827979/job/86849841305	
Validate Agent Entrypoints	pass	5s	https://github.com/d-oit/do-movie-radio-play/actions/runs/29259827979/job/86849841322	
DeepSource: Python	pending	0	https://app.deepsource.com/gh/d-oit/do-movie-radio-play/run/56ddeb91-042a-4841-ac0f-650ab305e5b4/python/	Analysis in progress...
DeepSource: Rust	pending	0	https://app.deepsource.com/gh/d-oit/do-movie-radio-play/run/56ddeb91-042a-4841-ac0f-650ab305e5b4/rust/	Analysis in progress...
VERSION Consistency	pass	6s	https://github.com/d-oit/do-movie-radio-play/actions/runs/29259827979/job/86849841372	
Refreshing checks status every 30 seconds. Press Ctrl+C to quit.

Analyze (actions)	pass	38s	https://github.com/d-oit/do-movie-radio-play/actions/runs/29259828605/job/86849811359	
Analyze (javascript-typescript)	pass	47s	https://github.com/d-oit/do-movie-radio-play/actions/runs/29259828605/job/86849811578	
Analyze (python)	pass	45s	https://github.com/d-oit/do-movie-radio-play/actions/runs/29259828605/job/86849811363	
Analyze (rust)	pass	2m9s	https://github.com/d-oit/do-movie-radio-play/actions/runs/29259828605/job/86849811345	
Clippy	pass	35s	https://github.com/d-oit/do-movie-radio-play/actions/runs/29259827979/job/86849841318	
Codacy Static Code Analysis	pass	0	https://app.codacy.com/gh/d-oit/do-movie-radio-play/pull-requests/139	
CodeQL	pass	2s	https://github.com/d-oit/do-movie-radio-play/runs/86849945167	
DeepSource: Shell	pass	0	https://app.deepsource.com/gh/d-oit/do-movie-radio-play/run/56ddeb91-042a-4841-ac0f-650ab305e5b4/shell/	Analysis passed: No blocking issues or failing metrics found
Dependency Policy (cargo-deny)	pass	40s	https://github.com/d-oit/do-movie-radio-play/actions/runs/29259827979/job/86849841344	
Detect Changes	pass	7s	https://github.com/d-oit/do-movie-radio-play/actions/runs/29259827979/job/86849797481	
Format	pass	14s	https://github.com/d-oit/do-movie-radio-play/actions/runs/29259827979/job/86849841297	
Benchmarks	pending	0	https://github.com/d-oit/do-movie-radio-play/actions/runs/29259827979/job/86849841343	
Test	pending	0	https://github.com/d-oit/do-movie-radio-play/actions/runs/29259827979/job/86849841527	
enable-automerge	skipping	0	https://github.com/d-oit/do-movie-radio-play/actions/runs/29259829435/job/86849837557	
Lint (YAML, Markdown)	pass	9s	https://github.com/d-oit/do-movie-radio-play/actions/runs/29259827979/job/86849841268	
Secret Scan (Gitleaks)	pass	5s	https://github.com/d-oit/do-movie-radio-play/actions/runs/29259827979/job/86849841237	
Security Audit	pass	21s	https://github.com/d-oit/do-movie-radio-play/actions/runs/29259827979/job/86849841333	
ShellCheck	pass	7s	https://github.com/d-oit/do-movie-radio-play/actions/runs/29259827979/job/86849841305	
Validate Agent Entrypoints	pass	5s	https://github.com/d-oit/do-movie-radio-play/actions/runs/29259827979/job/86849841322	
DeepSource: Python	pending	0	https://app.deepsource.com/gh/d-oit/do-movie-radio-play/run/56ddeb91-042a-4841-ac0f-650ab305e5b4/python/	Analysis in progress...
DeepSource: Rust	pending	0	https://app.deepsource.com/gh/d-oit/do-movie-radio-play/run/56ddeb91-042a-4841-ac0f-650ab305e5b4/rust/	Analysis in progress...
VERSION Consistency	pass	6s	https://github.com/d-oit/do-movie-radio-play/actions/runs/29259827979/job/86849841372	
Refreshing checks status every 30 seconds. Press Ctrl+C to quit.

Analyze (actions)	pass	38s	https://github.com/d-oit/do-movie-radio-play/actions/runs/29259828605/job/86849811359	
Analyze (javascript-typescript)	pass	47s	https://github.com/d-oit/do-movie-radio-play/actions/runs/29259828605/job/86849811578	
Analyze (python)	pass	45s	https://github.com/d-oit/do-movie-radio-play/actions/runs/29259828605/job/86849811363	
Analyze (rust)	pass	2m9s	https://github.com/d-oit/do-movie-radio-play/actions/runs/29259828605/job/86849811345	
Clippy	pass	35s	https://github.com/d-oit/do-movie-radio-play/actions/runs/29259827979/job/86849841318	
Codacy Static Code Analysis	pass	0	https://app.codacy.com/gh/d-oit/do-movie-radio-play/pull-requests/139	
CodeQL	pass	2s	https://github.com/d-oit/do-movie-radio-play/runs/86849945167	
DeepSource: Shell	pass	0	https://app.deepsource.com/gh/d-oit/do-movie-radio-play/run/56ddeb91-042a-4841-ac0f-650ab305e5b4/shell/	Analysis passed: No blocking issues or failing metrics found
Dependency Policy (cargo-deny)	pass	40s	https://github.com/d-oit/do-movie-radio-play/actions/runs/29259827979/job/86849841344	
Detect Changes	pass	7s	https://github.com/d-oit/do-movie-radio-play/actions/runs/29259827979/job/86849797481	
Format	pass	14s	https://github.com/d-oit/do-movie-radio-play/actions/runs/29259827979/job/86849841297	
Benchmarks	pending	0	https://github.com/d-oit/do-movie-radio-play/actions/runs/29259827979/job/86849841343	
Test	pending	0	https://github.com/d-oit/do-movie-radio-play/actions/runs/29259827979/job/86849841527	
enable-automerge	skipping	0	https://github.com/d-oit/do-movie-radio-play/actions/runs/29259829435/job/86849837557	
Lint (YAML, Markdown)	pass	9s	https://github.com/d-oit/do-movie-radio-play/actions/runs/29259827979/job/86849841268	
Secret Scan (Gitleaks)	pass	5s	https://github.com/d-oit/do-movie-radio-play/actions/runs/29259827979/job/86849841237	
Security Audit	pass	21s	https://github.com/d-oit/do-movie-radio-play/actions/runs/29259827979/job/86849841333	
ShellCheck	pass	7s	https://github.com/d-oit/do-movie-radio-play/actions/runs/29259827979/job/86849841305	
Validate Agent Entrypoints	pass	5s	https://github.com/d-oit/do-movie-radio-play/actions/runs/29259827979/job/86849841322	
DeepSource: Python	pending	0	https://app.deepsource.com/gh/d-oit/do-movie-radio-play/run/56ddeb91-042a-4841-ac0f-650ab305e5b4/python/	Analysis in progress...
DeepSource: Rust	pending	0	https://app.deepsource.com/gh/d-oit/do-movie-radio-play/run/56ddeb91-042a-4841-ac0f-650ab305e5b4/rust/	Analysis in progress...
VERSION Consistency	pass	6s	https://github.com/d-oit/do-movie-radio-play/actions/runs/29259827979/job/86849841372	
Refreshing checks status every 30 seconds. Press Ctrl+C to quit.

Analyze (actions)	pass	38s	https://github.com/d-oit/do-movie-radio-play/actions/runs/29259828605/job/86849811359	
Analyze (javascript-typescript)	pass	47s	https://github.com/d-oit/do-movie-radio-play/actions/runs/29259828605/job/86849811578	
Analyze (python)	pass	45s	https://github.com/d-oit/do-movie-radio-play/actions/runs/29259828605/job/86849811363	
Analyze (rust)	pass	2m9s	https://github.com/d-oit/do-movie-radio-play/actions/runs/29259828605/job/86849811345	
Clippy	pass	35s	https://github.com/d-oit/do-movie-radio-play/actions/runs/29259827979/job/86849841318	
Codacy Static Code Analysis	pass	0	https://app.codacy.com/gh/d-oit/do-movie-radio-play/pull-requests/139	
CodeQL	pass	2s	https://github.com/d-oit/do-movie-radio-play/runs/86849945167	
DeepSource: Python	pass	0	https://app.deepsource.com/gh/d-oit/do-movie-radio-play/run/56ddeb91-042a-4841-ac0f-650ab305e5b4/python/	Analysis passed: No blocking issues or failing metrics found
DeepSource: Rust	pass	0	https://app.deepsource.com/gh/d-oit/do-movie-radio-play/run/56ddeb91-042a-4841-ac0f-650ab305e5b4/rust/	Analysis passed: No blocking issues or failing metrics found
DeepSource: Shell	pass	0	https://app.deepsource.com/gh/d-oit/do-movie-radio-play/run/56ddeb91-042a-4841-ac0f-650ab305e5b4/shell/	Analysis passed: No blocking issues or failing metrics found
Dependency Policy (cargo-deny)	pass	40s	https://github.com/d-oit/do-movie-radio-play/actions/runs/29259827979/job/86849841344	
Detect Changes	pass	7s	https://github.com/d-oit/do-movie-radio-play/actions/runs/29259827979/job/86849797481	
Format	pass	14s	https://github.com/d-oit/do-movie-radio-play/actions/runs/29259827979/job/86849841297	
enable-automerge	skipping	0	https://github.com/d-oit/do-movie-radio-play/actions/runs/29259829435/job/86849837557	
Lint (YAML, Markdown)	pass	9s	https://github.com/d-oit/do-movie-radio-play/actions/runs/29259827979/job/86849841268	
ShellCheck	pass	7s	https://github.com/d-oit/do-movie-radio-play/actions/runs/29259827979/job/86849841305	
Validate Agent Entrypoints	pass	5s	https://github.com/d-oit/do-movie-radio-play/actions/runs/29259827979/job/86849841322	
Benchmarks	pending	0	https://github.com/d-oit/do-movie-radio-play/actions/runs/29259827979/job/86849841343	
Test	pending	0	https://github.com/d-oit/do-movie-radio-play/actions/runs/29259827979/job/86849841527	
Secret Scan (Gitleaks)	pass	5s	https://github.com/d-oit/do-movie-radio-play/actions/runs/29259827979/job/86849841237	
Security Audit	pass	21s	https://github.com/d-oit/do-movie-radio-play/actions/runs/29259827979/job/86849841333	
VERSION Consistency	pass	6s	https://github.com/d-oit/do-movie-radio-play/actions/runs/29259827979/job/86849841372	
Refreshing checks status every 30 seconds. Press Ctrl+C to quit.

Analyze (actions)	pass	38s	https://github.com/d-oit/do-movie-radio-play/actions/runs/29259828605/job/86849811359	
Analyze (javascript-typescript)	pass	47s	https://github.com/d-oit/do-movie-radio-play/actions/runs/29259828605/job/86849811578	
Analyze (python)	pass	45s	https://github.com/d-oit/do-movie-radio-play/actions/runs/29259828605/job/86849811363	
Analyze (rust)	pass	2m9s	https://github.com/d-oit/do-movie-radio-play/actions/runs/29259828605/job/86849811345	
Clippy	pass	35s	https://github.com/d-oit/do-movie-radio-play/actions/runs/29259827979/job/86849841318	
Codacy Static Code Analysis	pass	0	https://app.codacy.com/gh/d-oit/do-movie-radio-play/pull-requests/139	
CodeQL	pass	2s	https://github.com/d-oit/do-movie-radio-play/runs/86849945167	
DeepSource: Python	pass	0	https://app.deepsource.com/gh/d-oit/do-movie-radio-play/run/56ddeb91-042a-4841-ac0f-650ab305e5b4/python/	Analysis passed: No blocking issues or failing metrics found
DeepSource: Rust	pass	0	https://app.deepsource.com/gh/d-oit/do-movie-radio-play/run/56ddeb91-042a-4841-ac0f-650ab305e5b4/rust/	Analysis passed: No blocking issues or failing metrics found
DeepSource: Shell	pass	0	https://app.deepsource.com/gh/d-oit/do-movie-radio-play/run/56ddeb91-042a-4841-ac0f-650ab305e5b4/shell/	Analysis passed: No blocking issues or failing metrics found
Dependency Policy (cargo-deny)	pass	40s	https://github.com/d-oit/do-movie-radio-play/actions/runs/29259827979/job/86849841344	
Detect Changes	pass	7s	https://github.com/d-oit/do-movie-radio-play/actions/runs/29259827979/job/86849797481	
Format	pass	14s	https://github.com/d-oit/do-movie-radio-play/actions/runs/29259827979/job/86849841297	
enable-automerge	skipping	0	https://github.com/d-oit/do-movie-radio-play/actions/runs/29259829435/job/86849837557	
Lint (YAML, Markdown)	pass	9s	https://github.com/d-oit/do-movie-radio-play/actions/runs/29259827979/job/86849841268	
ShellCheck	pass	7s	https://github.com/d-oit/do-movie-radio-play/actions/runs/29259827979/job/86849841305	
Test	pass	3m57s	https://github.com/d-oit/do-movie-radio-play/actions/runs/29259827979/job/86849841527	
Validate Agent Entrypoints	pass	5s	https://github.com/d-oit/do-movie-radio-play/actions/runs/29259827979/job/86849841322	
Benchmarks	pending	0	https://github.com/d-oit/do-movie-radio-play/actions/runs/29259827979/job/86849841343	
Secret Scan (Gitleaks)	pass	5s	https://github.com/d-oit/do-movie-radio-play/actions/runs/29259827979/job/86849841237	
Security Audit	pass	21s	https://github.com/d-oit/do-movie-radio-play/actions/runs/29259827979/job/86849841333	
VERSION Consistency	pass	6s	https://github.com/d-oit/do-movie-radio-play/actions/runs/29259827979/job/86849841372	
Refreshing checks status every 30 seconds. Press Ctrl+C to quit.

Analyze (actions)	pass	38s	https://github.com/d-oit/do-movie-radio-play/actions/runs/29259828605/job/86849811359	
Analyze (javascript-typescript)	pass	47s	https://github.com/d-oit/do-movie-radio-play/actions/runs/29259828605/job/86849811578	
Analyze (python)	pass	45s	https://github.com/d-oit/do-movie-radio-play/actions/runs/29259828605/job/86849811363	
Analyze (rust)	pass	2m9s	https://github.com/d-oit/do-movie-radio-play/actions/runs/29259828605/job/86849811345	
Clippy	pass	35s	https://github.com/d-oit/do-movie-radio-play/actions/runs/29259827979/job/86849841318	
Codacy Static Code Analysis	pass	0	https://app.codacy.com/gh/d-oit/do-movie-radio-play/pull-requests/139	
CodeQL	pass	2s	https://github.com/d-oit/do-movie-radio-play/runs/86849945167	
DeepSource: Python	pass	0	https://app.deepsource.com/gh/d-oit/do-movie-radio-play/run/56ddeb91-042a-4841-ac0f-650ab305e5b4/python/	Analysis passed: No blocking issues or failing metrics found
DeepSource: Rust	pass	0	https://app.deepsource.com/gh/d-oit/do-movie-radio-play/run/56ddeb91-042a-4841-ac0f-650ab305e5b4/rust/	Analysis passed: No blocking issues or failing metrics found
DeepSource: Shell	pass	0	https://app.deepsource.com/gh/d-oit/do-movie-radio-play/run/56ddeb91-042a-4841-ac0f-650ab305e5b4/shell/	Analysis passed: No blocking issues or failing metrics found
Dependency Policy (cargo-deny)	pass	40s	https://github.com/d-oit/do-movie-radio-play/actions/runs/29259827979/job/86849841344	
Detect Changes	pass	7s	https://github.com/d-oit/do-movie-radio-play/actions/runs/29259827979/job/86849797481	
Format	pass	14s	https://github.com/d-oit/do-movie-radio-play/actions/runs/29259827979/job/86849841297	
enable-automerge	skipping	0	https://github.com/d-oit/do-movie-radio-play/actions/runs/29259829435/job/86849837557	
Lint (YAML, Markdown)	pass	9s	https://github.com/d-oit/do-movie-radio-play/actions/runs/29259827979/job/86849841268	
ShellCheck	pass	7s	https://github.com/d-oit/do-movie-radio-play/actions/runs/29259827979/job/86849841305	
Test	pass	3m57s	https://github.com/d-oit/do-movie-radio-play/actions/runs/29259827979/job/86849841527	
Validate Agent Entrypoints	pass	5s	https://github.com/d-oit/do-movie-radio-play/actions/runs/29259827979/job/86849841322	
Benchmarks	pending	0	https://github.com/d-oit/do-movie-radio-play/actions/runs/29259827979/job/86849841343	
Secret Scan (Gitleaks)	pass	5s	https://github.com/d-oit/do-movie-radio-play/actions/runs/29259827979/job/86849841237	
Security Audit	pass	21s	https://github.com/d-oit/do-movie-radio-play/actions/runs/29259827979/job/86849841333	
VERSION Consistency	pass	6s	https://github.com/d-oit/do-movie-radio-play/actions/runs/29259827979/job/86849841372	
Refreshing checks status every 30 seconds. Press Ctrl+C to quit.

Analyze (actions)	pass	38s	https://github.com/d-oit/do-movie-radio-play/actions/runs/29259828605/job/86849811359	
Analyze (javascript-typescript)	pass	47s	https://github.com/d-oit/do-movie-radio-play/actions/runs/29259828605/job/86849811578	
Analyze (python)	pass	45s	https://github.com/d-oit/do-movie-radio-play/actions/runs/29259828605/job/86849811363	
Analyze (rust)	pass	2m9s	https://github.com/d-oit/do-movie-radio-play/actions/runs/29259828605/job/86849811345	
Clippy	pass	35s	https://github.com/d-oit/do-movie-radio-play/actions/runs/29259827979/job/86849841318	
Codacy Static Code Analysis	pass	0	https://app.codacy.com/gh/d-oit/do-movie-radio-play/pull-requests/139	
CodeQL	pass	2s	https://github.com/d-oit/do-movie-radio-play/runs/86849945167	
DeepSource: Python	pass	0	https://app.deepsource.com/gh/d-oit/do-movie-radio-play/run/56ddeb91-042a-4841-ac0f-650ab305e5b4/python/	Analysis passed: No blocking issues or failing metrics found
DeepSource: Rust	pass	0	https://app.deepsource.com/gh/d-oit/do-movie-radio-play/run/56ddeb91-042a-4841-ac0f-650ab305e5b4/rust/	Analysis passed: No blocking issues or failing metrics found
DeepSource: Shell	pass	0	https://app.deepsource.com/gh/d-oit/do-movie-radio-play/run/56ddeb91-042a-4841-ac0f-650ab305e5b4/shell/	Analysis passed: No blocking issues or failing metrics found
Dependency Policy (cargo-deny)	pass	40s	https://github.com/d-oit/do-movie-radio-play/actions/runs/29259827979/job/86849841344	
Detect Changes	pass	7s	https://github.com/d-oit/do-movie-radio-play/actions/runs/29259827979/job/86849797481	
Format	pass	14s	https://github.com/d-oit/do-movie-radio-play/actions/runs/29259827979/job/86849841297	
enable-automerge	skipping	0	https://github.com/d-oit/do-movie-radio-play/actions/runs/29259829435/job/86849837557	
Lint (YAML, Markdown)	pass	9s	https://github.com/d-oit/do-movie-radio-play/actions/runs/29259827979/job/86849841268	
ShellCheck	pass	7s	https://github.com/d-oit/do-movie-radio-play/actions/runs/29259827979/job/86849841305	
Test	pass	3m57s	https://github.com/d-oit/do-movie-radio-play/actions/runs/29259827979/job/86849841527	
Validate Agent Entrypoints	pass	5s	https://github.com/d-oit/do-movie-radio-play/actions/runs/29259827979/job/86849841322	
Benchmarks	pending	0	https://github.com/d-oit/do-movie-radio-play/actions/runs/29259827979/job/86849841343	
Secret Scan (Gitleaks)	pass	5s	https://github.com/d-oit/do-movie-radio-play/actions/runs/29259827979/job/86849841237	
Security Audit	pass	21s	https://github.com/d-oit/do-movie-radio-play/actions/runs/29259827979/job/86849841333	
VERSION Consistency	pass	6s	https://github.com/d-oit/do-movie-radio-play/actions/runs/29259827979/job/86849841372	
Refreshing checks status every 30 seconds. Press Ctrl+C to quit.

Analyze (actions)	pass	38s	https://github.com/d-oit/do-movie-radio-play/actions/runs/29259828605/job/86849811359	
Analyze (javascript-typescript)	pass	47s	https://github.com/d-oit/do-movie-radio-play/actions/runs/29259828605/job/86849811578	
Analyze (python)	pass	45s	https://github.com/d-oit/do-movie-radio-play/actions/runs/29259828605/job/86849811363	
Analyze (rust)	pass	2m9s	https://github.com/d-oit/do-movie-radio-play/actions/runs/29259828605/job/86849811345	
Clippy	pass	35s	https://github.com/d-oit/do-movie-radio-play/actions/runs/29259827979/job/86849841318	
Codacy Static Code Analysis	pass	0	https://app.codacy.com/gh/d-oit/do-movie-radio-play/pull-requests/139	
CodeQL	pass	2s	https://github.com/d-oit/do-movie-radio-play/runs/86849945167	
DeepSource: Python	pass	0	https://app.deepsource.com/gh/d-oit/do-movie-radio-play/run/56ddeb91-042a-4841-ac0f-650ab305e5b4/python/	Analysis passed: No blocking issues or failing metrics found
DeepSource: Rust	pass	0	https://app.deepsource.com/gh/d-oit/do-movie-radio-play/run/56ddeb91-042a-4841-ac0f-650ab305e5b4/rust/	Analysis passed: No blocking issues or failing metrics found
DeepSource: Shell	pass	0	https://app.deepsource.com/gh/d-oit/do-movie-radio-play/run/56ddeb91-042a-4841-ac0f-650ab305e5b4/shell/	Analysis passed: No blocking issues or failing metrics found
Dependency Policy (cargo-deny)	pass	40s	https://github.com/d-oit/do-movie-radio-play/actions/runs/29259827979/job/86849841344	
Detect Changes	pass	7s	https://github.com/d-oit/do-movie-radio-play/actions/runs/29259827979/job/86849797481	
Format	pass	14s	https://github.com/d-oit/do-movie-radio-play/actions/runs/29259827979/job/86849841297	
enable-automerge	skipping	0	https://github.com/d-oit/do-movie-radio-play/actions/runs/29259829435/job/86849837557	
Lint (YAML, Markdown)	pass	9s	https://github.com/d-oit/do-movie-radio-play/actions/runs/29259827979/job/86849841268	
ShellCheck	pass	7s	https://github.com/d-oit/do-movie-radio-play/actions/runs/29259827979/job/86849841305	
Test	pass	3m57s	https://github.com/d-oit/do-movie-radio-play/actions/runs/29259827979/job/86849841527	
Validate Agent Entrypoints	pass	5s	https://github.com/d-oit/do-movie-radio-play/actions/runs/29259827979/job/86849841322	
Benchmarks	pending	0	https://github.com/d-oit/do-movie-radio-play/actions/runs/29259827979/job/86849841343	
Secret Scan (Gitleaks)	pass	5s	https://github.com/d-oit/do-movie-radio-play/actions/runs/29259827979/job/86849841237	
Security Audit	pass	21s	https://github.com/d-oit/do-movie-radio-play/actions/runs/29259827979/job/86849841333	
VERSION Consistency	pass	6s	https://github.com/d-oit/do-movie-radio-play/actions/runs/29259827979/job/86849841372	
Refreshing checks status every 30 seconds. Press Ctrl+C to quit.

Analyze (actions)	pass	38s	https://github.com/d-oit/do-movie-radio-play/actions/runs/29259828605/job/86849811359	
Analyze (javascript-typescript)	pass	47s	https://github.com/d-oit/do-movie-radio-play/actions/runs/29259828605/job/86849811578	
Analyze (python)	pass	45s	https://github.com/d-oit/do-movie-radio-play/actions/runs/29259828605/job/86849811363	
Analyze (rust)	pass	2m9s	https://github.com/d-oit/do-movie-radio-play/actions/runs/29259828605/job/86849811345	
Clippy	pass	35s	https://github.com/d-oit/do-movie-radio-play/actions/runs/29259827979/job/86849841318	
Codacy Static Code Analysis	pass	0	https://app.codacy.com/gh/d-oit/do-movie-radio-play/pull-requests/139	
CodeQL	pass	2s	https://github.com/d-oit/do-movie-radio-play/runs/86849945167	
DeepSource: Python	pass	0	https://app.deepsource.com/gh/d-oit/do-movie-radio-play/run/56ddeb91-042a-4841-ac0f-650ab305e5b4/python/	Analysis passed: No blocking issues or failing metrics found
DeepSource: Rust	pass	0	https://app.deepsource.com/gh/d-oit/do-movie-radio-play/run/56ddeb91-042a-4841-ac0f-650ab305e5b4/rust/	Analysis passed: No blocking issues or failing metrics found
DeepSource: Shell	pass	0	https://app.deepsource.com/gh/d-oit/do-movie-radio-play/run/56ddeb91-042a-4841-ac0f-650ab305e5b4/shell/	Analysis passed: No blocking issues or failing metrics found
Dependency Policy (cargo-deny)	pass	40s	https://github.com/d-oit/do-movie-radio-play/actions/runs/29259827979/job/86849841344	
Detect Changes	pass	7s	https://github.com/d-oit/do-movie-radio-play/actions/runs/29259827979/job/86849797481	
Format	pass	14s	https://github.com/d-oit/do-movie-radio-play/actions/runs/29259827979/job/86849841297	
enable-automerge	skipping	0	https://github.com/d-oit/do-movie-radio-play/actions/runs/29259829435/job/86849837557	
Lint (YAML, Markdown)	pass	9s	https://github.com/d-oit/do-movie-radio-play/actions/runs/29259827979/job/86849841268	
ShellCheck	pass	7s	https://github.com/d-oit/do-movie-radio-play/actions/runs/29259827979/job/86849841305	
Test	pass	3m57s	https://github.com/d-oit/do-movie-radio-play/actions/runs/29259827979/job/86849841527	
Validate Agent Entrypoints	pass	5s	https://github.com/d-oit/do-movie-radio-play/actions/runs/29259827979/job/86849841322	
Benchmarks	pending	0	https://github.com/d-oit/do-movie-radio-play/actions/runs/29259827979/job/86849841343	
Secret Scan (Gitleaks)	pass	5s	https://github.com/d-oit/do-movie-radio-play/actions/runs/29259827979/job/86849841237	
Security Audit	pass	21s	https://github.com/d-oit/do-movie-radio-play/actions/runs/29259827979/job/86849841333	
VERSION Consistency	pass	6s	https://github.com/d-oit/do-movie-radio-play/actions/runs/29259827979/job/86849841372	
Refreshing checks status every 30 seconds. Press Ctrl+C to quit.

Analyze (actions)	pass	38s	https://github.com/d-oit/do-movie-radio-play/actions/runs/29259828605/job/86849811359	
Analyze (javascript-typescript)	pass	47s	https://github.com/d-oit/do-movie-radio-play/actions/runs/29259828605/job/86849811578	
Analyze (python)	pass	45s	https://github.com/d-oit/do-movie-radio-play/actions/runs/29259828605/job/86849811363	
Analyze (rust)	pass	2m9s	https://github.com/d-oit/do-movie-radio-play/actions/runs/29259828605/job/86849811345	
Clippy	pass	35s	https://github.com/d-oit/do-movie-radio-play/actions/runs/29259827979/job/86849841318	
Codacy Static Code Analysis	pass	0	https://app.codacy.com/gh/d-oit/do-movie-radio-play/pull-requests/139	
CodeQL	pass	2s	https://github.com/d-oit/do-movie-radio-play/runs/86849945167	
DeepSource: Python	pass	0	https://app.deepsource.com/gh/d-oit/do-movie-radio-play/run/56ddeb91-042a-4841-ac0f-650ab305e5b4/python/	Analysis passed: No blocking issues or failing metrics found
DeepSource: Rust	pass	0	https://app.deepsource.com/gh/d-oit/do-movie-radio-play/run/56ddeb91-042a-4841-ac0f-650ab305e5b4/rust/	Analysis passed: No blocking issues or failing metrics found
DeepSource: Shell	pass	0	https://app.deepsource.com/gh/d-oit/do-movie-radio-play/run/56ddeb91-042a-4841-ac0f-650ab305e5b4/shell/	Analysis passed: No blocking issues or failing metrics found
Dependency Policy (cargo-deny)	pass	40s	https://github.com/d-oit/do-movie-radio-play/actions/runs/29259827979/job/86849841344	
Detect Changes	pass	7s	https://github.com/d-oit/do-movie-radio-play/actions/runs/29259827979/job/86849797481	
Format	pass	14s	https://github.com/d-oit/do-movie-radio-play/actions/runs/29259827979/job/86849841297	
enable-automerge	skipping	0	https://github.com/d-oit/do-movie-radio-play/actions/runs/29259829435/job/86849837557	
Lint (YAML, Markdown)	pass	9s	https://github.com/d-oit/do-movie-radio-play/actions/runs/29259827979/job/86849841268	
ShellCheck	pass	7s	https://github.com/d-oit/do-movie-radio-play/actions/runs/29259827979/job/86849841305	
Test	pass	3m57s	https://github.com/d-oit/do-movie-radio-play/actions/runs/29259827979/job/86849841527	
Validate Agent Entrypoints	pass	5s	https://github.com/d-oit/do-movie-radio-play/actions/runs/29259827979/job/86849841322	
Benchmarks	pending	0	https://github.com/d-oit/do-movie-radio-play/actions/runs/29259827979/job/86849841343	
Secret Scan (Gitleaks)	pass	5s	https://github.com/d-oit/do-movie-radio-play/actions/runs/29259827979/job/86849841237	
Security Audit	pass	21s	https://github.com/d-oit/do-movie-radio-play/actions/runs/29259827979/job/86849841333	
VERSION Consistency	pass	6s	https://github.com/d-oit/do-movie-radio-play/actions/runs/29259827979/job/86849841372	
Refreshing checks status every 30 seconds. Press Ctrl+C to quit.

Analyze (actions)	pass	38s	https://github.com/d-oit/do-movie-radio-play/actions/runs/29259828605/job/86849811359	
Analyze (javascript-typescript)	pass	47s	https://github.com/d-oit/do-movie-radio-play/actions/runs/29259828605/job/86849811578	
Analyze (python)	pass	45s	https://github.com/d-oit/do-movie-radio-play/actions/runs/29259828605/job/86849811363	
Analyze (rust)	pass	2m9s	https://github.com/d-oit/do-movie-radio-play/actions/runs/29259828605/job/86849811345	
Clippy	pass	35s	https://github.com/d-oit/do-movie-radio-play/actions/runs/29259827979/job/86849841318	
Codacy Static Code Analysis	pass	0	https://app.codacy.com/gh/d-oit/do-movie-radio-play/pull-requests/139	
CodeQL	pass	2s	https://github.com/d-oit/do-movie-radio-play/runs/86849945167	
DeepSource: Python	pass	0	https://app.deepsource.com/gh/d-oit/do-movie-radio-play/run/56ddeb91-042a-4841-ac0f-650ab305e5b4/python/	Analysis passed: No blocking issues or failing metrics found
DeepSource: Rust	pass	0	https://app.deepsource.com/gh/d-oit/do-movie-radio-play/run/56ddeb91-042a-4841-ac0f-650ab305e5b4/rust/	Analysis passed: No blocking issues or failing metrics found
DeepSource: Shell	pass	0	https://app.deepsource.com/gh/d-oit/do-movie-radio-play/run/56ddeb91-042a-4841-ac0f-650ab305e5b4/shell/	Analysis passed: No blocking issues or failing metrics found
Dependency Policy (cargo-deny)	pass	40s	https://github.com/d-oit/do-movie-radio-play/actions/runs/29259827979/job/86849841344	
Detect Changes	pass	7s	https://github.com/d-oit/do-movie-radio-play/actions/runs/29259827979/job/86849797481	
Format	pass	14s	https://github.com/d-oit/do-movie-radio-play/actions/runs/29259827979/job/86849841297	
enable-automerge	skipping	0	https://github.com/d-oit/do-movie-radio-play/actions/runs/29259829435/job/86849837557	
Lint (YAML, Markdown)	pass	9s	https://github.com/d-oit/do-movie-radio-play/actions/runs/29259827979/job/86849841268	
ShellCheck	pass	7s	https://github.com/d-oit/do-movie-radio-play/actions/runs/29259827979/job/86849841305	
Test	pass	3m57s	https://github.com/d-oit/do-movie-radio-play/actions/runs/29259827979/job/86849841527	
Validate Agent Entrypoints	pass	5s	https://github.com/d-oit/do-movie-radio-play/actions/runs/29259827979/job/86849841322	
Benchmarks	pending	0	https://github.com/d-oit/do-movie-radio-play/actions/runs/29259827979/job/86849841343	
Secret Scan (Gitleaks)	pass	5s	https://github.com/d-oit/do-movie-radio-play/actions/runs/29259827979/job/86849841237	
Security Audit	pass	21s	https://github.com/d-oit/do-movie-radio-play/actions/runs/29259827979/job/86849841333	
VERSION Consistency	pass	6s	https://github.com/d-oit/do-movie-radio-play/actions/runs/29259827979/job/86849841372	
Refreshing checks status every 30 seconds. Press Ctrl+C to quit.

Analyze (actions)	pass	38s	https://github.com/d-oit/do-movie-radio-play/actions/runs/29259828605/job/86849811359	
Analyze (javascript-typescript)	pass	47s	https://github.com/d-oit/do-movie-radio-play/actions/runs/29259828605/job/86849811578	
Analyze (python)	pass	45s	https://github.com/d-oit/do-movie-radio-play/actions/runs/29259828605/job/86849811363	
Analyze (rust)	pass	2m9s	https://github.com/d-oit/do-movie-radio-play/actions/runs/29259828605/job/86849811345	
Clippy	pass	35s	https://github.com/d-oit/do-movie-radio-play/actions/runs/29259827979/job/86849841318	
Codacy Static Code Analysis	pass	0	https://app.codacy.com/gh/d-oit/do-movie-radio-play/pull-requests/139	
CodeQL	pass	2s	https://github.com/d-oit/do-movie-radio-play/runs/86849945167	
DeepSource: Python	pass	0	https://app.deepsource.com/gh/d-oit/do-movie-radio-play/run/56ddeb91-042a-4841-ac0f-650ab305e5b4/python/	Analysis passed: No blocking issues or failing metrics found
DeepSource: Rust	pass	0	https://app.deepsource.com/gh/d-oit/do-movie-radio-play/run/56ddeb91-042a-4841-ac0f-650ab305e5b4/rust/	Analysis passed: No blocking issues or failing metrics found
DeepSource: Shell	pass	0	https://app.deepsource.com/gh/d-oit/do-movie-radio-play/run/56ddeb91-042a-4841-ac0f-650ab305e5b4/shell/	Analysis passed: No blocking issues or failing metrics found
Dependency Policy (cargo-deny)	pass	40s	https://github.com/d-oit/do-movie-radio-play/actions/runs/29259827979/job/86849841344	
Detect Changes	pass	7s	https://github.com/d-oit/do-movie-radio-play/actions/runs/29259827979/job/86849797481	
Format	pass	14s	https://github.com/d-oit/do-movie-radio-play/actions/runs/29259827979/job/86849841297	
enable-automerge	skipping	0	https://github.com/d-oit/do-movie-radio-play/actions/runs/29259829435/job/86849837557	
Lint (YAML, Markdown)	pass	9s	https://github.com/d-oit/do-movie-radio-play/actions/runs/29259827979/job/86849841268	
ShellCheck	pass	7s	https://github.com/d-oit/do-movie-radio-play/actions/runs/29259827979/job/86849841305	
Test	pass	3m57s	https://github.com/d-oit/do-movie-radio-play/actions/runs/29259827979/job/86849841527	
Validate Agent Entrypoints	pass	5s	https://github.com/d-oit/do-movie-radio-play/actions/runs/29259827979/job/86849841322	
Benchmarks	pending	0	https://github.com/d-oit/do-movie-radio-play/actions/runs/29259827979/job/86849841343	
Secret Scan (Gitleaks)	pass	5s	https://github.com/d-oit/do-movie-radio-play/actions/runs/29259827979/job/86849841237	
Security Audit	pass	21s	https://github.com/d-oit/do-movie-radio-play/actions/runs/29259827979/job/86849841333	
VERSION Consistency	pass	6s	https://github.com/d-oit/do-movie-radio-play/actions/runs/29259827979/job/86849841372	
Refreshing checks status every 30 seconds. Press Ctrl+C to quit.

Analyze (actions)	pass	38s	https://github.com/d-oit/do-movie-radio-play/actions/runs/29259828605/job/86849811359	
Analyze (javascript-typescript)	pass	47s	https://github.com/d-oit/do-movie-radio-play/actions/runs/29259828605/job/86849811578	
Analyze (python)	pass	45s	https://github.com/d-oit/do-movie-radio-play/actions/runs/29259828605/job/86849811363	
Analyze (rust)	pass	2m9s	https://github.com/d-oit/do-movie-radio-play/actions/runs/29259828605/job/86849811345	
Clippy	pass	35s	https://github.com/d-oit/do-movie-radio-play/actions/runs/29259827979/job/86849841318	
Codacy Static Code Analysis	pass	0	https://app.codacy.com/gh/d-oit/do-movie-radio-play/pull-requests/139	
CodeQL	pass	2s	https://github.com/d-oit/do-movie-radio-play/runs/86849945167	
DeepSource: Python	pass	0	https://app.deepsource.com/gh/d-oit/do-movie-radio-play/run/56ddeb91-042a-4841-ac0f-650ab305e5b4/python/	Analysis passed: No blocking issues or failing metrics found
DeepSource: Rust	pass	0	https://app.deepsource.com/gh/d-oit/do-movie-radio-play/run/56ddeb91-042a-4841-ac0f-650ab305e5b4/rust/	Analysis passed: No blocking issues or failing metrics found
DeepSource: Shell	pass	0	https://app.deepsource.com/gh/d-oit/do-movie-radio-play/run/56ddeb91-042a-4841-ac0f-650ab305e5b4/shell/	Analysis passed: No blocking issues or failing metrics found
Dependency Policy (cargo-deny)	pass	40s	https://github.com/d-oit/do-movie-radio-play/actions/runs/29259827979/job/86849841344	
Detect Changes	pass	7s	https://github.com/d-oit/do-movie-radio-play/actions/runs/29259827979/job/86849797481	
Format	pass	14s	https://github.com/d-oit/do-movie-radio-play/actions/runs/29259827979/job/86849841297	
enable-automerge	skipping	0	https://github.com/d-oit/do-movie-radio-play/actions/runs/29259829435/job/86849837557	
Lint (YAML, Markdown)	pass	9s	https://github.com/d-oit/do-movie-radio-play/actions/runs/29259827979/job/86849841268	
ShellCheck	pass	7s	https://github.com/d-oit/do-movie-radio-play/actions/runs/29259827979/job/86849841305	
Test	pass	3m57s	https://github.com/d-oit/do-movie-radio-play/actions/runs/29259827979/job/86849841527	
Validate Agent Entrypoints	pass	5s	https://github.com/d-oit/do-movie-radio-play/actions/runs/29259827979/job/86849841322	
Benchmarks	pending	0	https://github.com/d-oit/do-movie-radio-play/actions/runs/29259827979/job/86849841343	
Secret Scan (Gitleaks)	pass	5s	https://github.com/d-oit/do-movie-radio-play/actions/runs/29259827979/job/86849841237	
Security Audit	pass	21s	https://github.com/d-oit/do-movie-radio-play/actions/runs/29259827979/job/86849841333	
VERSION Consistency	pass	6s	https://github.com/d-oit/do-movie-radio-play/actions/runs/29259827979/job/86849841372	
Refreshing checks status every 30 seconds. Press Ctrl+C to quit.

Analyze (actions)	pass	38s	https://github.com/d-oit/do-movie-radio-play/actions/runs/29259828605/job/86849811359	
Analyze (javascript-typescript)	pass	47s	https://github.com/d-oit/do-movie-radio-play/actions/runs/29259828605/job/86849811578	
Analyze (python)	pass	45s	https://github.com/d-oit/do-movie-radio-play/actions/runs/29259828605/job/86849811363	
Analyze (rust)	pass	2m9s	https://github.com/d-oit/do-movie-radio-play/actions/runs/29259828605/job/86849811345	
Clippy	pass	35s	https://github.com/d-oit/do-movie-radio-play/actions/runs/29259827979/job/86849841318	
Codacy Static Code Analysis	pass	0	https://app.codacy.com/gh/d-oit/do-movie-radio-play/pull-requests/139	
CodeQL	pass	2s	https://github.com/d-oit/do-movie-radio-play/runs/86849945167	
DeepSource: Python	pass	0	https://app.deepsource.com/gh/d-oit/do-movie-radio-play/run/56ddeb91-042a-4841-ac0f-650ab305e5b4/python/	Analysis passed: No blocking issues or failing metrics found
DeepSource: Rust	pass	0	https://app.deepsource.com/gh/d-oit/do-movie-radio-play/run/56ddeb91-042a-4841-ac0f-650ab305e5b4/rust/	Analysis passed: No blocking issues or failing metrics found
DeepSource: Shell	pass	0	https://app.deepsource.com/gh/d-oit/do-movie-radio-play/run/56ddeb91-042a-4841-ac0f-650ab305e5b4/shell/	Analysis passed: No blocking issues or failing metrics found
Dependency Policy (cargo-deny)	pass	40s	https://github.com/d-oit/do-movie-radio-play/actions/runs/29259827979/job/86849841344	
Detect Changes	pass	7s	https://github.com/d-oit/do-movie-radio-play/actions/runs/29259827979/job/86849797481	
Format	pass	14s	https://github.com/d-oit/do-movie-radio-play/actions/runs/29259827979/job/86849841297	
enable-automerge	skipping	0	https://github.com/d-oit/do-movie-radio-play/actions/runs/29259829435/job/86849837557	
Lint (YAML, Markdown)	pass	9s	https://github.com/d-oit/do-movie-radio-play/actions/runs/29259827979/job/86849841268	
ShellCheck	pass	7s	https://github.com/d-oit/do-movie-radio-play/actions/runs/29259827979/job/86849841305	
Test	pass	3m57s	https://github.com/d-oit/do-movie-radio-play/actions/runs/29259827979/job/86849841527	
Validate Agent Entrypoints	pass	5s	https://github.com/d-oit/do-movie-radio-play/actions/runs/29259827979/job/86849841322	
Benchmarks	pending	0	https://github.com/d-oit/do-movie-radio-play/actions/runs/29259827979/job/86849841343	
Secret Scan (Gitleaks)	pass	5s	https://github.com/d-oit/do-movie-radio-play/actions/runs/29259827979/job/86849841237	
Security Audit	pass	21s	https://github.com/d-oit/do-movie-radio-play/actions/runs/29259827979/job/86849841333	
VERSION Consistency	pass	6s	https://github.com/d-oit/do-movie-radio-play/actions/runs/29259827979/job/86849841372	
Analyze (actions)	pass	38s	https://github.com/d-oit/do-movie-radio-play/actions/runs/29259828605/job/86849811359	
Analyze (javascript-typescript)	pass	47s	https://github.com/d-oit/do-movie-radio-play/actions/runs/29259828605/job/86849811578	
Analyze (python)	pass	45s	https://github.com/d-oit/do-movie-radio-play/actions/runs/29259828605/job/86849811363	
Analyze (rust)	pass	2m9s	https://github.com/d-oit/do-movie-radio-play/actions/runs/29259828605/job/86849811345	
Benchmarks	pass	9m4s	https://github.com/d-oit/do-movie-radio-play/actions/runs/29259827979/job/86849841343	
CI Success	pass	5s	https://github.com/d-oit/do-movie-radio-play/actions/runs/29259827979/job/86852181282	
Clippy	pass	35s	https://github.com/d-oit/do-movie-radio-play/actions/runs/29259827979/job/86849841318	
Codacy Static Code Analysis	pass	0	https://app.codacy.com/gh/d-oit/do-movie-radio-play/pull-requests/139	
CodeQL	pass	2s	https://github.com/d-oit/do-movie-radio-play/runs/86849945167	
DeepSource: Python	pass	0	https://app.deepsource.com/gh/d-oit/do-movie-radio-play/run/56ddeb91-042a-4841-ac0f-650ab305e5b4/python/	Analysis passed: No blocking issues or failing metrics found
DeepSource: Rust	pass	0	https://app.deepsource.com/gh/d-oit/do-movie-radio-play/run/56ddeb91-042a-4841-ac0f-650ab305e5b4/rust/	Analysis passed: No blocking issues or failing metrics found
DeepSource: Shell	pass	0	https://app.deepsource.com/gh/d-oit/do-movie-radio-play/run/56ddeb91-042a-4841-ac0f-650ab305e5b4/shell/	Analysis passed: No blocking issues or failing metrics found
Dependency Policy (cargo-deny)	pass	40s	https://github.com/d-oit/do-movie-radio-play/actions/runs/29259827979/job/86849841344	
Detect Changes	pass	7s	https://github.com/d-oit/do-movie-radio-play/actions/runs/29259827979/job/86849797481	
Format	pass	14s	https://github.com/d-oit/do-movie-radio-play/actions/runs/29259827979/job/86849841297	
enable-automerge	skipping	0	https://github.com/d-oit/do-movie-radio-play/actions/runs/29259829435/job/86849837557	
Lint (YAML, Markdown)	pass	9s	https://github.com/d-oit/do-movie-radio-play/actions/runs/29259827979/job/86849841268	
Secret Scan (Gitleaks)	pass	5s	https://github.com/d-oit/do-movie-radio-play/actions/runs/29259827979/job/86849841237	
Security Audit	pass	21s	https://github.com/d-oit/do-movie-radio-play/actions/runs/29259827979/job/86849841333	
ShellCheck	pass	7s	https://github.com/d-oit/do-movie-radio-play/actions/runs/29259827979/job/86849841305	
Test	pass	3m57s	https://github.com/d-oit/do-movie-radio-play/actions/runs/29259827979/job/86849841527	
VERSION Consistency	pass	6s	https://github.com/d-oit/do-movie-radio-play/actions/runs/29259827979/job/86849841372	
Validate Agent Entrypoints	pass	5s	https://github.com/d-oit/do-movie-radio-play/actions/runs/29259827979/job/86849841322	
Analyze (actions)	pass	38s	https://github.com/d-oit/do-movie-radio-play/actions/runs/29259828605/job/86849811359	
Analyze (javascript-typescript)	pass	47s	https://github.com/d-oit/do-movie-radio-play/actions/runs/29259828605/job/86849811578	
Analyze (python)	pass	45s	https://github.com/d-oit/do-movie-radio-play/actions/runs/29259828605/job/86849811363	
Analyze (rust)	pass	2m9s	https://github.com/d-oit/do-movie-radio-play/actions/runs/29259828605/job/86849811345	
Benchmarks	pass	9m4s	https://github.com/d-oit/do-movie-radio-play/actions/runs/29259827979/job/86849841343	
CI Success	pass	5s	https://github.com/d-oit/do-movie-radio-play/actions/runs/29259827979/job/86852181282	
Clippy	pass	35s	https://github.com/d-oit/do-movie-radio-play/actions/runs/29259827979/job/86849841318	
Codacy Static Code Analysis	pass	0	https://app.codacy.com/gh/d-oit/do-movie-radio-play/pull-requests/139	
CodeQL	pass	2s	https://github.com/d-oit/do-movie-radio-play/runs/86849945167	
DeepSource: Python	pass	0	https://app.deepsource.com/gh/d-oit/do-movie-radio-play/run/56ddeb91-042a-4841-ac0f-650ab305e5b4/python/	Analysis passed: No blocking issues or failing metrics found
DeepSource: Rust	pass	0	https://app.deepsource.com/gh/d-oit/do-movie-radio-play/run/56ddeb91-042a-4841-ac0f-650ab305e5b4/rust/	Analysis passed: No blocking issues or failing metrics found
DeepSource: Shell	pass	0	https://app.deepsource.com/gh/d-oit/do-movie-radio-play/run/56ddeb91-042a-4841-ac0f-650ab305e5b4/shell/	Analysis passed: No blocking issues or failing metrics found
Dependency Policy (cargo-deny)	pass	40s	https://github.com/d-oit/do-movie-radio-play/actions/runs/29259827979/job/86849841344	
Detect Changes	pass	7s	https://github.com/d-oit/do-movie-radio-play/actions/runs/29259827979/job/86849797481	
Format	pass	14s	https://github.com/d-oit/do-movie-radio-play/actions/runs/29259827979/job/86849841297	
enable-automerge	skipping	0	https://github.com/d-oit/do-movie-radio-play/actions/runs/29259829435/job/86849837557	
Lint (YAML, Markdown)	pass	9s	https://github.com/d-oit/do-movie-radio-play/actions/runs/29259827979/job/86849841268	
Secret Scan (Gitleaks)	pass	5s	https://github.com/d-oit/do-movie-radio-play/actions/runs/29259827979/job/86849841237	
Security Audit	pass	21s	https://github.com/d-oit/do-movie-radio-play/actions/runs/29259827979/job/86849841333	
ShellCheck	pass	7s	https://github.com/d-oit/do-movie-radio-play/actions/runs/29259827979/job/86849841305	
Test	pass	3m57s	https://github.com/d-oit/do-movie-radio-play/actions/runs/29259827979/job/86849841527	
VERSION Consistency	pass	6s	https://github.com/d-oit/do-movie-radio-play/actions/runs/29259827979/job/86849841372	
Validate Agent Entrypoints	pass	5s	https://github.com/d-oit/do-movie-radio-play/actions/runs/29259827979/job/86849841322	
