Refreshing checks status every 30 seconds. Press Ctrl+C to quit.

Analyze (actions)	pending	0	https://github.com/d-oit/do-movie-radio-play/actions/runs/29259553863/job/86848836753	
Analyze (javascript-typescript)	pending	0	https://github.com/d-oit/do-movie-radio-play/actions/runs/29259553863/job/86848836662	
Analyze (python)	pending	0	https://github.com/d-oit/do-movie-radio-play/actions/runs/29259553863/job/86848836765	
Analyze (rust)	pending	0	https://github.com/d-oit/do-movie-radio-play/actions/runs/29259553863/job/86848836778	
Benchmarks	pending	0	https://github.com/d-oit/do-movie-radio-play/actions/runs/29259553778/job/86848857945	
Clippy	pending	0	https://github.com/d-oit/do-movie-radio-play/actions/runs/29259553778/job/86848857907	
Codacy Static Code Analysis	pending	0	https://app.codacy.com/gh/d-oit/do-movie-radio-play/pull-requests/139	
Dependency Policy (cargo-deny)	pending	0	https://github.com/d-oit/do-movie-radio-play/actions/runs/29259553778/job/86848857913	
Format	pending	0	https://github.com/d-oit/do-movie-radio-play/actions/runs/29259553778/job/86848857889	
Lint (YAML, Markdown)	pending	0	https://github.com/d-oit/do-movie-radio-play/actions/runs/29259553778/job/86848857846	
Secret Scan (Gitleaks)	pending	0	https://github.com/d-oit/do-movie-radio-play/actions/runs/29259553778/job/86848857764	
Security Audit	pending	0	https://github.com/d-oit/do-movie-radio-play/actions/runs/29259553778/job/86848857921	
ShellCheck	pending	0	https://github.com/d-oit/do-movie-radio-play/actions/runs/29259553778/job/86848857767	
Test	pending	0	https://github.com/d-oit/do-movie-radio-play/actions/runs/29259553778/job/86848857896	
VERSION Consistency	pending	0	https://github.com/d-oit/do-movie-radio-play/actions/runs/29259553778/job/86848857936	
Validate Agent Entrypoints	pending	0	https://github.com/d-oit/do-movie-radio-play/actions/runs/29259553778/job/86848857897	
enable-automerge	skipping	0	https://github.com/d-oit/do-movie-radio-play/actions/runs/29259555543/job/86848838798	
Detect Changes	pass	4s	https://github.com/d-oit/do-movie-radio-play/actions/runs/29259553778/job/86848832169	
Refreshing checks status every 30 seconds. Press Ctrl+C to quit.

Detect Changes	pass	4s	https://github.com/d-oit/do-movie-radio-play/actions/runs/29259553778/job/86848832169	
Format	pass	15s	https://github.com/d-oit/do-movie-radio-play/actions/runs/29259553778/job/86848857889	
Lint (YAML, Markdown)	pass	8s	https://github.com/d-oit/do-movie-radio-play/actions/runs/29259553778/job/86848857846	
Secret Scan (Gitleaks)	pass	10s	https://github.com/d-oit/do-movie-radio-play/actions/runs/29259553778/job/86848857764	
Security Audit	pass	24s	https://github.com/d-oit/do-movie-radio-play/actions/runs/29259553778/job/86848857921	
ShellCheck	pass	6s	https://github.com/d-oit/do-movie-radio-play/actions/runs/29259553778/job/86848857767	
Analyze (rust)	pending	0	https://github.com/d-oit/do-movie-radio-play/actions/runs/29259553863/job/86848836778	
enable-automerge	skipping	0	https://github.com/d-oit/do-movie-radio-play/actions/runs/29259555543/job/86848838798	
CodeQL	skipping	2s	https://github.com/d-oit/do-movie-radio-play/runs/86848966077	
VERSION Consistency	pass	5s	https://github.com/d-oit/do-movie-radio-play/actions/runs/29259553778/job/86848857936	
Validate Agent Entrypoints	pass	4s	https://github.com/d-oit/do-movie-radio-play/actions/runs/29259553778/job/86848857897	
Analyze (javascript-typescript)	pending	0	https://github.com/d-oit/do-movie-radio-play/actions/runs/29259553863/job/86848836662	
Analyze (python)	pending	0	https://github.com/d-oit/do-movie-radio-play/actions/runs/29259553863/job/86848836765	
Analyze (actions)	pending	0	https://github.com/d-oit/do-movie-radio-play/actions/runs/29259553863/job/86848836753	
Benchmarks	pending	0	https://github.com/d-oit/do-movie-radio-play/actions/runs/29259553778/job/86848857945	
Clippy	pending	0	https://github.com/d-oit/do-movie-radio-play/actions/runs/29259553778/job/86848857907	
Codacy Static Code Analysis	pending	0	https://app.codacy.com/gh/d-oit/do-movie-radio-play/pull-requests/139	
Dependency Policy (cargo-deny)	pending	0	https://github.com/d-oit/do-movie-radio-play/actions/runs/29259553778/job/86848857913	
Test	pending	0	https://github.com/d-oit/do-movie-radio-play/actions/runs/29259553778/job/86848857896	
Refreshing checks status every 30 seconds. Press Ctrl+C to quit.

Analyze (rust)	pending	0	https://github.com/d-oit/do-movie-radio-play/actions/runs/29259553863/job/86848836778	
Benchmarks	pending	0	https://github.com/d-oit/do-movie-radio-play/actions/runs/29259553778/job/86848857945	
Dependency Policy (cargo-deny)	pending	0	https://github.com/d-oit/do-movie-radio-play/actions/runs/29259553778/job/86848857913	
Test	pending	0	https://github.com/d-oit/do-movie-radio-play/actions/runs/29259553778/job/86848857896	
Lint (YAML, Markdown)	pass	8s	https://github.com/d-oit/do-movie-radio-play/actions/runs/29259553778/job/86848857846	
Detect Changes	pass	4s	https://github.com/d-oit/do-movie-radio-play/actions/runs/29259553778/job/86848832169	
Format	pass	15s	https://github.com/d-oit/do-movie-radio-play/actions/runs/29259553778/job/86848857889	
Clippy	pass	36s	https://github.com/d-oit/do-movie-radio-play/actions/runs/29259553778/job/86848857907	
Codacy Static Code Analysis	pass	0	https://app.codacy.com/gh/d-oit/do-movie-radio-play/pull-requests/139	
enable-automerge	skipping	0	https://github.com/d-oit/do-movie-radio-play/actions/runs/29259555543/job/86848838798	
Analyze (actions)	pass	38s	https://github.com/d-oit/do-movie-radio-play/actions/runs/29259553863/job/86848836753	
Analyze (javascript-typescript)	pass	57s	https://github.com/d-oit/do-movie-radio-play/actions/runs/29259553863/job/86848836662	
Analyze (python)	pass	52s	https://github.com/d-oit/do-movie-radio-play/actions/runs/29259553863/job/86848836765	
CodeQL	skipping	2s	https://github.com/d-oit/do-movie-radio-play/runs/86848966077	
Secret Scan (Gitleaks)	pass	10s	https://github.com/d-oit/do-movie-radio-play/actions/runs/29259553778/job/86848857764	
Security Audit	pass	24s	https://github.com/d-oit/do-movie-radio-play/actions/runs/29259553778/job/86848857921	
ShellCheck	pass	6s	https://github.com/d-oit/do-movie-radio-play/actions/runs/29259553778/job/86848857767	
VERSION Consistency	pass	5s	https://github.com/d-oit/do-movie-radio-play/actions/runs/29259553778/job/86848857936	
Validate Agent Entrypoints	pass	4s	https://github.com/d-oit/do-movie-radio-play/actions/runs/29259553778/job/86848857897	
Refreshing checks status every 30 seconds. Press Ctrl+C to quit.

Analyze (actions)	pass	38s	https://github.com/d-oit/do-movie-radio-play/actions/runs/29259553863/job/86848836753	
Analyze (javascript-typescript)	pass	57s	https://github.com/d-oit/do-movie-radio-play/actions/runs/29259553863/job/86848836662	
Test	pending	0	https://github.com/d-oit/do-movie-radio-play/actions/runs/29259553778/job/86848857896	
Secret Scan (Gitleaks)	pass	10s	https://github.com/d-oit/do-movie-radio-play/actions/runs/29259553778/job/86848857764	
VERSION Consistency	pass	5s	https://github.com/d-oit/do-movie-radio-play/actions/runs/29259553778/job/86848857936	
Benchmarks	pending	0	https://github.com/d-oit/do-movie-radio-play/actions/runs/29259553778/job/86848857945	
Dependency Policy (cargo-deny)	pass	1m6s	https://github.com/d-oit/do-movie-radio-play/actions/runs/29259553778/job/86848857913	
Clippy	pass	36s	https://github.com/d-oit/do-movie-radio-play/actions/runs/29259553778/job/86848857907	
Security Audit	pass	24s	https://github.com/d-oit/do-movie-radio-play/actions/runs/29259553778/job/86848857921	
Lint (YAML, Markdown)	pass	8s	https://github.com/d-oit/do-movie-radio-play/actions/runs/29259553778/job/86848857846	
ShellCheck	pass	6s	https://github.com/d-oit/do-movie-radio-play/actions/runs/29259553778/job/86848857767	
Format	pass	15s	https://github.com/d-oit/do-movie-radio-play/actions/runs/29259553778/job/86848857889	
Analyze (python)	pass	52s	https://github.com/d-oit/do-movie-radio-play/actions/runs/29259553863/job/86848836765	
Validate Agent Entrypoints	pass	4s	https://github.com/d-oit/do-movie-radio-play/actions/runs/29259553778/job/86848857897	
Analyze (rust)	pending	0	https://github.com/d-oit/do-movie-radio-play/actions/runs/29259553863/job/86848836778	
Codacy Static Code Analysis	pass	0	https://app.codacy.com/gh/d-oit/do-movie-radio-play/pull-requests/139	
CodeQL	skipping	2s	https://github.com/d-oit/do-movie-radio-play/runs/86848966077	
enable-automerge	skipping	0	https://github.com/d-oit/do-movie-radio-play/actions/runs/29259555543/job/86848838798	
Detect Changes	pass	4s	https://github.com/d-oit/do-movie-radio-play/actions/runs/29259553778/job/86848832169	
DeepSource: Rust	pending	0	https://app.deepsource.com/gh/d-oit/do-movie-radio-play/run/0c2ecab9-bc38-4e18-8771-4b1c0c68c3ae/rust/	Analysis in progress...
DeepSource: Python	pass	0	https://app.deepsource.com/gh/d-oit/do-movie-radio-play/run/0c2ecab9-bc38-4e18-8771-4b1c0c68c3ae/python/	Analysis passed: No blocking issues or failing metrics found
DeepSource: Shell	pass	0	https://app.deepsource.com/gh/d-oit/do-movie-radio-play/run/0c2ecab9-bc38-4e18-8771-4b1c0c68c3ae/shell/	Analysis passed: No blocking issues or failing metrics found
Refreshing checks status every 30 seconds. Press Ctrl+C to quit.

Analyze (actions)	pass	38s	https://github.com/d-oit/do-movie-radio-play/actions/runs/29259553863/job/86848836753	
Analyze (javascript-typescript)	pass	57s	https://github.com/d-oit/do-movie-radio-play/actions/runs/29259553863/job/86848836662	
Test	pending	0	https://github.com/d-oit/do-movie-radio-play/actions/runs/29259553778/job/86848857896	
Secret Scan (Gitleaks)	pass	10s	https://github.com/d-oit/do-movie-radio-play/actions/runs/29259553778/job/86848857764	
VERSION Consistency	pass	5s	https://github.com/d-oit/do-movie-radio-play/actions/runs/29259553778/job/86848857936	
Benchmarks	pending	0	https://github.com/d-oit/do-movie-radio-play/actions/runs/29259553778/job/86848857945	
Dependency Policy (cargo-deny)	pass	1m6s	https://github.com/d-oit/do-movie-radio-play/actions/runs/29259553778/job/86848857913	
Clippy	pass	36s	https://github.com/d-oit/do-movie-radio-play/actions/runs/29259553778/job/86848857907	
Security Audit	pass	24s	https://github.com/d-oit/do-movie-radio-play/actions/runs/29259553778/job/86848857921	
Lint (YAML, Markdown)	pass	8s	https://github.com/d-oit/do-movie-radio-play/actions/runs/29259553778/job/86848857846	
ShellCheck	pass	6s	https://github.com/d-oit/do-movie-radio-play/actions/runs/29259553778/job/86848857767	
Format	pass	15s	https://github.com/d-oit/do-movie-radio-play/actions/runs/29259553778/job/86848857889	
Analyze (python)	pass	52s	https://github.com/d-oit/do-movie-radio-play/actions/runs/29259553863/job/86848836765	
Validate Agent Entrypoints	pass	4s	https://github.com/d-oit/do-movie-radio-play/actions/runs/29259553778/job/86848857897	
Analyze (rust)	pass	2m3s	https://github.com/d-oit/do-movie-radio-play/actions/runs/29259553863/job/86848836778	
Codacy Static Code Analysis	pass	0	https://app.codacy.com/gh/d-oit/do-movie-radio-play/pull-requests/139	
CodeQL	pass	2s	https://github.com/d-oit/do-movie-radio-play/runs/86848966077	
enable-automerge	skipping	0	https://github.com/d-oit/do-movie-radio-play/actions/runs/29259555543/job/86848838798	
Detect Changes	pass	4s	https://github.com/d-oit/do-movie-radio-play/actions/runs/29259553778/job/86848832169	
DeepSource: Rust	pending	0	https://app.deepsource.com/gh/d-oit/do-movie-radio-play/run/0c2ecab9-bc38-4e18-8771-4b1c0c68c3ae/rust/	Analysis in progress...
DeepSource: Python	pass	0	https://app.deepsource.com/gh/d-oit/do-movie-radio-play/run/0c2ecab9-bc38-4e18-8771-4b1c0c68c3ae/python/	Analysis passed: No blocking issues or failing metrics found
DeepSource: Shell	pass	0	https://app.deepsource.com/gh/d-oit/do-movie-radio-play/run/0c2ecab9-bc38-4e18-8771-4b1c0c68c3ae/shell/	Analysis passed: No blocking issues or failing metrics found
Benchmarks	fail	2m16s	https://github.com/d-oit/do-movie-radio-play/actions/runs/29259553778/job/86848857945	
CI Success	fail	4s	https://github.com/d-oit/do-movie-radio-play/actions/runs/29259553778/job/86849431787	
Test	fail	2m15s	https://github.com/d-oit/do-movie-radio-play/actions/runs/29259553778/job/86848857896	
Analyze (actions)	pass	38s	https://github.com/d-oit/do-movie-radio-play/actions/runs/29259553863/job/86848836753	
Analyze (javascript-typescript)	pass	57s	https://github.com/d-oit/do-movie-radio-play/actions/runs/29259553863/job/86848836662	
Analyze (python)	pass	52s	https://github.com/d-oit/do-movie-radio-play/actions/runs/29259553863/job/86848836765	
Analyze (rust)	pass	2m3s	https://github.com/d-oit/do-movie-radio-play/actions/runs/29259553863/job/86848836778	
Clippy	pass	36s	https://github.com/d-oit/do-movie-radio-play/actions/runs/29259553778/job/86848857907	
Codacy Static Code Analysis	pass	0	https://app.codacy.com/gh/d-oit/do-movie-radio-play/pull-requests/139	
CodeQL	pass	2s	https://github.com/d-oit/do-movie-radio-play/runs/86848966077	
DeepSource: Python	pass	0	https://app.deepsource.com/gh/d-oit/do-movie-radio-play/run/0c2ecab9-bc38-4e18-8771-4b1c0c68c3ae/python/	Analysis passed: No blocking issues or failing metrics found
DeepSource: Rust	pass	0	https://app.deepsource.com/gh/d-oit/do-movie-radio-play/run/0c2ecab9-bc38-4e18-8771-4b1c0c68c3ae/rust/	Analysis passed: No blocking issues or failing metrics found
DeepSource: Shell	pass	0	https://app.deepsource.com/gh/d-oit/do-movie-radio-play/run/0c2ecab9-bc38-4e18-8771-4b1c0c68c3ae/shell/	Analysis passed: No blocking issues or failing metrics found
Dependency Policy (cargo-deny)	pass	1m6s	https://github.com/d-oit/do-movie-radio-play/actions/runs/29259553778/job/86848857913	
Detect Changes	pass	4s	https://github.com/d-oit/do-movie-radio-play/actions/runs/29259553778/job/86848832169	
Format	pass	15s	https://github.com/d-oit/do-movie-radio-play/actions/runs/29259553778/job/86848857889	
Lint (YAML, Markdown)	pass	8s	https://github.com/d-oit/do-movie-radio-play/actions/runs/29259553778/job/86848857846	
Secret Scan (Gitleaks)	pass	10s	https://github.com/d-oit/do-movie-radio-play/actions/runs/29259553778/job/86848857764	
Security Audit	pass	24s	https://github.com/d-oit/do-movie-radio-play/actions/runs/29259553778/job/86848857921	
ShellCheck	pass	6s	https://github.com/d-oit/do-movie-radio-play/actions/runs/29259553778/job/86848857767	
VERSION Consistency	pass	5s	https://github.com/d-oit/do-movie-radio-play/actions/runs/29259553778/job/86848857936	
enable-automerge	skipping	0	https://github.com/d-oit/do-movie-radio-play/actions/runs/29259555543/job/86848838798	
Validate Agent Entrypoints	pass	4s	https://github.com/d-oit/do-movie-radio-play/actions/runs/29259553778/job/86848857897	
Benchmarks	fail	2m16s	https://github.com/d-oit/do-movie-radio-play/actions/runs/29259553778/job/86848857945	
CI Success	fail	4s	https://github.com/d-oit/do-movie-radio-play/actions/runs/29259553778/job/86849431787	
Test	fail	2m15s	https://github.com/d-oit/do-movie-radio-play/actions/runs/29259553778/job/86848857896	
Analyze (actions)	pass	38s	https://github.com/d-oit/do-movie-radio-play/actions/runs/29259553863/job/86848836753	
Analyze (javascript-typescript)	pass	57s	https://github.com/d-oit/do-movie-radio-play/actions/runs/29259553863/job/86848836662	
Analyze (python)	pass	52s	https://github.com/d-oit/do-movie-radio-play/actions/runs/29259553863/job/86848836765	
Analyze (rust)	pass	2m3s	https://github.com/d-oit/do-movie-radio-play/actions/runs/29259553863/job/86848836778	
Clippy	pass	36s	https://github.com/d-oit/do-movie-radio-play/actions/runs/29259553778/job/86848857907	
Codacy Static Code Analysis	pass	0	https://app.codacy.com/gh/d-oit/do-movie-radio-play/pull-requests/139	
CodeQL	pass	2s	https://github.com/d-oit/do-movie-radio-play/runs/86848966077	
DeepSource: Python	pass	0	https://app.deepsource.com/gh/d-oit/do-movie-radio-play/run/0c2ecab9-bc38-4e18-8771-4b1c0c68c3ae/python/	Analysis passed: No blocking issues or failing metrics found
DeepSource: Rust	pass	0	https://app.deepsource.com/gh/d-oit/do-movie-radio-play/run/0c2ecab9-bc38-4e18-8771-4b1c0c68c3ae/rust/	Analysis passed: No blocking issues or failing metrics found
DeepSource: Shell	pass	0	https://app.deepsource.com/gh/d-oit/do-movie-radio-play/run/0c2ecab9-bc38-4e18-8771-4b1c0c68c3ae/shell/	Analysis passed: No blocking issues or failing metrics found
Dependency Policy (cargo-deny)	pass	1m6s	https://github.com/d-oit/do-movie-radio-play/actions/runs/29259553778/job/86848857913	
Detect Changes	pass	4s	https://github.com/d-oit/do-movie-radio-play/actions/runs/29259553778/job/86848832169	
Format	pass	15s	https://github.com/d-oit/do-movie-radio-play/actions/runs/29259553778/job/86848857889	
Lint (YAML, Markdown)	pass	8s	https://github.com/d-oit/do-movie-radio-play/actions/runs/29259553778/job/86848857846	
Secret Scan (Gitleaks)	pass	10s	https://github.com/d-oit/do-movie-radio-play/actions/runs/29259553778/job/86848857764	
Security Audit	pass	24s	https://github.com/d-oit/do-movie-radio-play/actions/runs/29259553778/job/86848857921	
ShellCheck	pass	6s	https://github.com/d-oit/do-movie-radio-play/actions/runs/29259553778/job/86848857767	
VERSION Consistency	pass	5s	https://github.com/d-oit/do-movie-radio-play/actions/runs/29259553778/job/86848857936	
enable-automerge	skipping	0	https://github.com/d-oit/do-movie-radio-play/actions/runs/29259555543/job/86848838798	
Validate Agent Entrypoints	pass	4s	https://github.com/d-oit/do-movie-radio-play/actions/runs/29259553778/job/86848857897	
